clean-webpack-plugin: dangerouslyAllowCleanPatternsOutsideProject requires dry: false to be explicitly set. Enabling dry mode
clean-webpack-plugin: dry build/public/209.129d2a7a20fda0e0b43a.css
clean-webpack-plugin: dry build/public/209.129d2a7a20fda0e0b43a.css.map
clean-webpack-plugin: dry build/public/209.129d2a7a20fda0e0b43a.js
clean-webpack-plugin: dry build/public/209.129d2a7a20fda0e0b43a.js.map
clean-webpack-plugin: dry build/public/209.2fee5e9f108a594d92cd.css
clean-webpack-plugin: dry build/public/209.2fee5e9f108a594d92cd.css.map
clean-webpack-plugin: dry build/public/209.2fee5e9f108a594d92cd.js
clean-webpack-plugin: dry build/public/209.2fee5e9f108a594d92cd.js.map
clean-webpack-plugin: dry build/public/209.36ecd9f9c10916c4cd33.css
clean-webpack-plugin: dry build/public/209.36ecd9f9c10916c4cd33.css.map
clean-webpack-plugin: dry build/public/209.36ecd9f9c10916c4cd33.js
clean-webpack-plugin: dry build/public/209.36ecd9f9c10916c4cd33.js.map
clean-webpack-plugin: dry build/public/209.4a3000c806461ea8c7eb.css
clean-webpack-plugin: dry build/public/209.4a3000c806461ea8c7eb.css.map
clean-webpack-plugin: dry build/public/209.4a3000c806461ea8c7eb.js
clean-webpack-plugin: dry build/public/209.4a3000c806461ea8c7eb.js.map
clean-webpack-plugin: dry build/public/209.65053ebc2b05c8335dac.css
clean-webpack-plugin: dry build/public/209.65053ebc2b05c8335dac.css.map
clean-webpack-plugin: dry build/public/209.65053ebc2b05c8335dac.js
clean-webpack-plugin: dry build/public/209.65053ebc2b05c8335dac.js.map
clean-webpack-plugin: dry build/public/209.71826c77745efeae75f5.css
clean-webpack-plugin: dry build/public/209.71826c77745efeae75f5.css.map
clean-webpack-plugin: dry build/public/209.71826c77745efeae75f5.js
clean-webpack-plugin: dry build/public/209.71826c77745efeae75f5.js.map
clean-webpack-plugin: dry build/public/209.73b581f56f298c6a9ad2.css
clean-webpack-plugin: dry build/public/209.73b581f56f298c6a9ad2.css.map
clean-webpack-plugin: dry build/public/209.73b581f56f298c6a9ad2.js
clean-webpack-plugin: dry build/public/209.73b581f56f298c6a9ad2.js.map
clean-webpack-plugin: dry build/public/209.888c2a63d30c46cd40f6.css
clean-webpack-plugin: dry build/public/209.888c2a63d30c46cd40f6.css.map
clean-webpack-plugin: dry build/public/209.888c2a63d30c46cd40f6.js
clean-webpack-plugin: dry build/public/209.888c2a63d30c46cd40f6.js.map
clean-webpack-plugin: dry build/public/209.928ddecef686200e5326.css
clean-webpack-plugin: dry build/public/209.928ddecef686200e5326.css.map
clean-webpack-plugin: dry build/public/209.928ddecef686200e5326.js
clean-webpack-plugin: dry build/public/209.928ddecef686200e5326.js.map
clean-webpack-plugin: dry build/public/209.a6b53c66a6e9b65e44fe.css
clean-webpack-plugin: dry build/public/209.a6b53c66a6e9b65e44fe.css.map
clean-webpack-plugin: dry build/public/209.a6b53c66a6e9b65e44fe.js
clean-webpack-plugin: dry build/public/209.a6b53c66a6e9b65e44fe.js.map
clean-webpack-plugin: dry build/public/209.aa0cd3045525a5d4f528.css
clean-webpack-plugin: dry build/public/209.aa0cd3045525a5d4f528.css.map
clean-webpack-plugin: dry build/public/209.aa0cd3045525a5d4f528.js
clean-webpack-plugin: dry build/public/209.aa0cd3045525a5d4f528.js.map
clean-webpack-plugin: dry build/public/209.aa52a150a39634247035.css
clean-webpack-plugin: dry build/public/209.aa52a150a39634247035.css.map
clean-webpack-plugin: dry build/public/209.aa52a150a39634247035.js
clean-webpack-plugin: dry build/public/209.aa52a150a39634247035.js.map
clean-webpack-plugin: dry build/public/209.af48df2d95b9a245b5f6.css
clean-webpack-plugin: dry build/public/209.af48df2d95b9a245b5f6.css.map
clean-webpack-plugin: dry build/public/209.af48df2d95b9a245b5f6.js
clean-webpack-plugin: dry build/public/209.af48df2d95b9a245b5f6.js.map
clean-webpack-plugin: dry build/public/209.c68e37ef810d98656c5c.css
clean-webpack-plugin: dry build/public/209.c68e37ef810d98656c5c.css.map
clean-webpack-plugin: dry build/public/209.c68e37ef810d98656c5c.js
clean-webpack-plugin: dry build/public/209.c68e37ef810d98656c5c.js.map
clean-webpack-plugin: dry build/public/209.d93bc9b3bf8b734f07ea.css
clean-webpack-plugin: dry build/public/209.d93bc9b3bf8b734f07ea.css.map
clean-webpack-plugin: dry build/public/209.d93bc9b3bf8b734f07ea.js
clean-webpack-plugin: dry build/public/209.d93bc9b3bf8b734f07ea.js.map
clean-webpack-plugin: dry build/public/209.e4e7fb3def3302ae89db.css
clean-webpack-plugin: dry build/public/209.e4e7fb3def3302ae89db.css.map
clean-webpack-plugin: dry build/public/209.e4e7fb3def3302ae89db.js
clean-webpack-plugin: dry build/public/209.e4e7fb3def3302ae89db.js.map
clean-webpack-plugin: dry build/public/209.e4fbbcfbe213c313ff76.css
clean-webpack-plugin: dry build/public/209.e4fbbcfbe213c313ff76.css.map
clean-webpack-plugin: dry build/public/209.e4fbbcfbe213c313ff76.js
clean-webpack-plugin: dry build/public/209.e4fbbcfbe213c313ff76.js.map
clean-webpack-plugin: dry build/public/360.0ee3608f9f4f08ac596d.js
clean-webpack-plugin: dry build/public/360.0ee3608f9f4f08ac596d.js.map
clean-webpack-plugin: dry build/public/360.2f527d2d9fee68b90485.js
clean-webpack-plugin: dry build/public/360.2f527d2d9fee68b90485.js.map
clean-webpack-plugin: dry build/public/360.7608cf502a2da0fefc9e.js
clean-webpack-plugin: dry build/public/360.7608cf502a2da0fefc9e.js.map
clean-webpack-plugin: dry build/public/360.865d4ea8596e0bc54ad0.js
clean-webpack-plugin: dry build/public/360.865d4ea8596e0bc54ad0.js.map
clean-webpack-plugin: dry build/public/360.d404d7de2cdffd1f8324.js
clean-webpack-plugin: dry build/public/360.d404d7de2cdffd1f8324.js.map
clean-webpack-plugin: dry build/public/360.e8aa3e72bcb2d9125dc6.js
clean-webpack-plugin: dry build/public/360.e8aa3e72bcb2d9125dc6.js.map
clean-webpack-plugin: dry build/public/426.b3de43a506dd8a89f743.css
clean-webpack-plugin: dry build/public/426.b3de43a506dd8a89f743.css.map
clean-webpack-plugin: dry build/public/426.b3de43a506dd8a89f743.js
clean-webpack-plugin: dry build/public/426.b3de43a506dd8a89f743.js.map
clean-webpack-plugin: dry build/public/765.df2181835951d2cee65e.css
clean-webpack-plugin: dry build/public/765.df2181835951d2cee65e.css.map
clean-webpack-plugin: dry build/public/765.df2181835951d2cee65e.js
clean-webpack-plugin: dry build/public/765.df2181835951d2cee65e.js.map
clean-webpack-plugin: dry build/public/769.e72c341e3182621e1d3c.js
clean-webpack-plugin: dry build/public/769.e72c341e3182621e1d3c.js.map
clean-webpack-plugin: dry build/public/769.f36c0ddbce0bc785c579.js
clean-webpack-plugin: dry build/public/769.f36c0ddbce0bc785c579.js.map
clean-webpack-plugin: dry build/public/945.5b496f9eadd8c4116510.js
clean-webpack-plugin: dry build/public/945.5b496f9eadd8c4116510.js.map
clean-webpack-plugin: dry build/public/945.62ac4daed83e81684d6b.css
clean-webpack-plugin: dry build/public/945.62ac4daed83e81684d6b.css.map
clean-webpack-plugin: dry build/public/945.62ac4daed83e81684d6b.js
clean-webpack-plugin: dry build/public/945.62ac4daed83e81684d6b.js.map
clean-webpack-plugin: dry build/public/945.7493cface3aa1ce434b3.css
clean-webpack-plugin: dry build/public/945.7493cface3aa1ce434b3.css.map
clean-webpack-plugin: dry build/public/945.7493cface3aa1ce434b3.js
clean-webpack-plugin: dry build/public/945.7493cface3aa1ce434b3.js.map
clean-webpack-plugin: dry build/public/945.b2dafe540bfc097578b6.css
clean-webpack-plugin: dry build/public/945.b2dafe540bfc097578b6.css.map
clean-webpack-plugin: dry build/public/945.b2dafe540bfc097578b6.js
clean-webpack-plugin: dry build/public/945.b2dafe540bfc097578b6.js.map
clean-webpack-plugin: dry build/public/945.b991c4b21516dae0e0fb.css
clean-webpack-plugin: dry build/public/945.b991c4b21516dae0e0fb.css.map
clean-webpack-plugin: dry build/public/945.b991c4b21516dae0e0fb.js
clean-webpack-plugin: dry build/public/945.b991c4b21516dae0e0fb.js.map
clean-webpack-plugin: dry build/public/945.c482bbfd6d6465a92f53.css
clean-webpack-plugin: dry build/public/945.c482bbfd6d6465a92f53.css.map
clean-webpack-plugin: dry build/public/945.c482bbfd6d6465a92f53.js
clean-webpack-plugin: dry build/public/945.c482bbfd6d6465a92f53.js.map
clean-webpack-plugin: dry build/public/945.cd773a8512f4c727f2ee.js
clean-webpack-plugin: dry build/public/945.cd773a8512f4c727f2ee.js.map
clean-webpack-plugin: dry build/public/945.ecd4ccd973dc7c9ba85c.css
clean-webpack-plugin: dry build/public/945.ecd4ccd973dc7c9ba85c.css.map
clean-webpack-plugin: dry build/public/945.ecd4ccd973dc7c9ba85c.js
clean-webpack-plugin: dry build/public/945.ecd4ccd973dc7c9ba85c.js.map
clean-webpack-plugin: dry build/public/999.46c4a0090bb255a046e2.js
clean-webpack-plugin: dry build/public/999.46c4a0090bb255a046e2.js.map
clean-webpack-plugin: dry build/public/999.550b20dbca9a6dd371ac.js
clean-webpack-plugin: dry build/public/999.550b20dbca9a6dd371ac.js.map
clean-webpack-plugin: dry build/public/demo.css
clean-webpack-plugin: dry build/public/demo.css.map
clean-webpack-plugin: dry build/public/demo.js
clean-webpack-plugin: dry build/public/demo.js.LICENSE.txt
clean-webpack-plugin: dry build/public/demo.js.map
clean-webpack-plugin: dry build/public/nsda-945.5b496f9eadd8c4116510.css
clean-webpack-plugin: dry build/public/nsda-945.5b496f9eadd8c4116510.css.map
clean-webpack-plugin: dry build/public/nsda-945.cd773a8512f4c727f2ee.css
clean-webpack-plugin: dry build/public/nsda-945.cd773a8512f4c727f2ee.css.map
clean-webpack-plugin: dry build/public/nsda-999.46c4a0090bb255a046e2.css
clean-webpack-plugin: dry build/public/nsda-999.46c4a0090bb255a046e2.css.map
clean-webpack-plugin: dry build/public/nsda-999.550b20dbca9a6dd371ac.css
clean-webpack-plugin: dry build/public/nsda-999.550b20dbca9a6dd371ac.css.map
clean-webpack-plugin: dry build/public/nsda-demo.css
clean-webpack-plugin: dry build/public/nsda-demo.css.map
clean-webpack-plugin: dry build/public/nsda-src_Inputs_NativeDatePicker_js.07644ba71ad8a82f65f7.css
clean-webpack-plugin: dry build/public/nsda-src_Inputs_NativeDatePicker_js.07644ba71ad8a82f65f7.css.map
clean-webpack-plugin: dry build/public/nsda-src_Inputs_NativeDatePicker_js.1581483b2c84aba086c6.css
clean-webpack-plugin: dry build/public/nsda-src_Inputs_NativeDatePicker_js.1581483b2c84aba086c6.css.map
clean-webpack-plugin: dry build/public/nsda-src_Inputs_NativeDatePicker_js.1597c0e1fd78e2c12984.css
clean-webpack-plugin: dry build/public/nsda-src_Inputs_NativeDatePicker_js.1597c0e1fd78e2c12984.css.map
clean-webpack-plugin: dry build/public/nsda-src_Inputs_NativeDatePicker_js.636c632913907b61f1c5.css
clean-webpack-plugin: dry build/public/nsda-src_Inputs_NativeDatePicker_js.636c632913907b61f1c5.css.map
clean-webpack-plugin: dry build/public/nsda-src_Inputs_NativeDatePicker_js.7f27ce654b40e348e838.css
clean-webpack-plugin: dry build/public/nsda-src_Inputs_NativeDatePicker_js.7f27ce654b40e348e838.css.map
clean-webpack-plugin: dry build/public/nsda-src_Inputs_NativeDatePicker_js.86112661535de914ff77.css
clean-webpack-plugin: dry build/public/nsda-src_Inputs_NativeDatePicker_js.86112661535de914ff77.css.map
clean-webpack-plugin: dry build/public/nsda-src_Inputs_NativeDatePicker_js.cfe858693e41d05d2374.css
clean-webpack-plugin: dry build/public/nsda-src_Inputs_NativeDatePicker_js.cfe858693e41d05d2374.css.map
clean-webpack-plugin: dry build/public/src_Inputs_NativeDatePicker_js.07644ba71ad8a82f65f7.js
clean-webpack-plugin: dry build/public/src_Inputs_NativeDatePicker_js.07644ba71ad8a82f65f7.js.map
clean-webpack-plugin: dry build/public/src_Inputs_NativeDatePicker_js.1581483b2c84aba086c6.js
clean-webpack-plugin: dry build/public/src_Inputs_NativeDatePicker_js.1581483b2c84aba086c6.js.map
clean-webpack-plugin: dry build/public/src_Inputs_NativeDatePicker_js.1597c0e1fd78e2c12984.js
clean-webpack-plugin: dry build/public/src_Inputs_NativeDatePicker_js.1597c0e1fd78e2c12984.js.map
clean-webpack-plugin: dry build/public/src_Inputs_NativeDatePicker_js.636c632913907b61f1c5.js
clean-webpack-plugin: dry build/public/src_Inputs_NativeDatePicker_js.636c632913907b61f1c5.js.map
clean-webpack-plugin: dry build/public/src_Inputs_NativeDatePicker_js.7f27ce654b40e348e838.js
clean-webpack-plugin: dry build/public/src_Inputs_NativeDatePicker_js.7f27ce654b40e348e838.js.map
clean-webpack-plugin: dry build/public/src_Inputs_NativeDatePicker_js.86112661535de914ff77.js
clean-webpack-plugin: dry build/public/src_Inputs_NativeDatePicker_js.86112661535de914ff77.js.map
clean-webpack-plugin: dry build/public/src_Inputs_NativeDatePicker_js.cfe858693e41d05d2374.css
clean-webpack-plugin: dry build/public/src_Inputs_NativeDatePicker_js.cfe858693e41d05d2374.css.map
clean-webpack-plugin: dry build/public/src_Inputs_NativeDatePicker_js.cfe858693e41d05d2374.js
clean-webpack-plugin: dry build/public/src_Inputs_NativeDatePicker_js.cfe858693e41d05d2374.js.map
clean-webpack-plugin: dry build/public/src_Main_js.52e04ff31844be7db3fc.js
clean-webpack-plugin: dry build/public/src_Main_js.52e04ff31844be7db3fc.js.map
clean-webpack-plugin: dry build/public/src_Main_js.98b04f87739779d55440.js
clean-webpack-plugin: dry build/public/src_Main_js.98b04f87739779d55440.js.map
clean-webpack-plugin: dry build/public/src_Main_js.f08753a4902ccc8db777.js
clean-webpack-plugin: dry build/public/src_Main_js.f08753a4902ccc8db777.js.map
clean-webpack-plugin: dry build/public/index.html
assets by status 842 bytes [cached] 1 asset
assets by status 160 KiB [emitted]
  asset demo.js 155 KiB [emitted] [minimized] (name: demo) 2 related assets
  asset 209.ffc3702729171670d73a.js 4.63 KiB [emitted] [immutable] [minimized] 1 related asset
asset ../demo.html 275 bytes [compared for emit]
runtime modules 6.73 KiB 13 modules
orphan modules 8.04 KiB [orphan] 5 modules
cacheable modules 236 KiB
  modules by path ./node_modules/ 223 KiB 14 modules
  modules by path ./src/ 13.3 KiB
    modules by path ./src/*.js 3.23 KiB 2 modules
    modules by path ./src/util/*.js 3.77 KiB 2 modules
    modules by path ./src/Inputs/*.js 6.3 KiB
      ./src/Inputs/NativeDatePickerContainer.js 3.22 KiB [built] [code generated]
      ./src/Inputs/NativeDatePicker.js 3.08 KiB [built] [code generated]
webpack 5.51.1 compiled successfully in 2654 ms
clean-webpack-plugin: dangerouslyAllowCleanPatternsOutsideProject requires dry: false to be explicitly set. Enabling dry mode
clean-webpack-plugin: dry build/public/209.129d2a7a20fda0e0b43a.css
clean-webpack-plugin: dry build/public/209.129d2a7a20fda0e0b43a.css.map
clean-webpack-plugin: dry build/public/209.129d2a7a20fda0e0b43a.js
clean-webpack-plugin: dry build/public/209.129d2a7a20fda0e0b43a.js.map
clean-webpack-plugin: dry build/public/209.2fee5e9f108a594d92cd.css
clean-webpack-plugin: dry build/public/209.2fee5e9f108a594d92cd.css.map
clean-webpack-plugin: dry build/public/209.2fee5e9f108a594d92cd.js
clean-webpack-plugin: dry build/public/209.2fee5e9f108a594d92cd.js.map
clean-webpack-plugin: dry build/public/209.36ecd9f9c10916c4cd33.css
clean-webpack-plugin: dry build/public/209.36ecd9f9c10916c4cd33.css.map
clean-webpack-plugin: dry build/public/209.36ecd9f9c10916c4cd33.js
clean-webpack-plugin: dry build/public/209.36ecd9f9c10916c4cd33.js.map
clean-webpack-plugin: dry build/public/209.4a3000c806461ea8c7eb.css
clean-webpack-plugin: dry build/public/209.4a3000c806461ea8c7eb.css.map
clean-webpack-plugin: dry build/public/209.4a3000c806461ea8c7eb.js
clean-webpack-plugin: dry build/public/209.4a3000c806461ea8c7eb.js.map
clean-webpack-plugin: dry build/public/209.65053ebc2b05c8335dac.css
clean-webpack-plugin: dry build/public/209.65053ebc2b05c8335dac.css.map
clean-webpack-plugin: dry build/public/209.65053ebc2b05c8335dac.js
clean-webpack-plugin: dry build/public/209.65053ebc2b05c8335dac.js.map
clean-webpack-plugin: dry build/public/209.71826c77745efeae75f5.css
clean-webpack-plugin: dry build/public/209.71826c77745efeae75f5.css.map
clean-webpack-plugin: dry build/public/209.71826c77745efeae75f5.js
clean-webpack-plugin: dry build/public/209.71826c77745efeae75f5.js.map
clean-webpack-plugin: dry build/public/209.73b581f56f298c6a9ad2.css
clean-webpack-plugin: dry build/public/209.73b581f56f298c6a9ad2.css.map
clean-webpack-plugin: dry build/public/209.73b581f56f298c6a9ad2.js
clean-webpack-plugin: dry build/public/209.73b581f56f298c6a9ad2.js.map
clean-webpack-plugin: dry build/public/209.888c2a63d30c46cd40f6.css
clean-webpack-plugin: dry build/public/209.888c2a63d30c46cd40f6.css.map
clean-webpack-plugin: dry build/public/209.888c2a63d30c46cd40f6.js
clean-webpack-plugin: dry build/public/209.888c2a63d30c46cd40f6.js.map
clean-webpack-plugin: dry build/public/209.928ddecef686200e5326.css
clean-webpack-plugin: dry build/public/209.928ddecef686200e5326.css.map
clean-webpack-plugin: dry build/public/209.928ddecef686200e5326.js
clean-webpack-plugin: dry build/public/209.928ddecef686200e5326.js.map
clean-webpack-plugin: dry build/public/209.a6b53c66a6e9b65e44fe.css
clean-webpack-plugin: dry build/public/209.a6b53c66a6e9b65e44fe.css.map
clean-webpack-plugin: dry build/public/209.a6b53c66a6e9b65e44fe.js
clean-webpack-plugin: dry build/public/209.a6b53c66a6e9b65e44fe.js.map
clean-webpack-plugin: dry build/public/209.aa0cd3045525a5d4f528.css
clean-webpack-plugin: dry build/public/209.aa0cd3045525a5d4f528.css.map
clean-webpack-plugin: dry build/public/209.aa0cd3045525a5d4f528.js
clean-webpack-plugin: dry build/public/209.aa0cd3045525a5d4f528.js.map
clean-webpack-plugin: dry build/public/209.aa52a150a39634247035.css
clean-webpack-plugin: dry build/public/209.aa52a150a39634247035.css.map
clean-webpack-plugin: dry build/public/209.aa52a150a39634247035.js
clean-webpack-plugin: dry build/public/209.aa52a150a39634247035.js.map
clean-webpack-plugin: dry build/public/209.af48df2d95b9a245b5f6.css
clean-webpack-plugin: dry build/public/209.af48df2d95b9a245b5f6.css.map
clean-webpack-plugin: dry build/public/209.af48df2d95b9a245b5f6.js
clean-webpack-plugin: dry build/public/209.af48df2d95b9a245b5f6.js.map
clean-webpack-plugin: dry build/public/209.c68e37ef810d98656c5c.css
clean-webpack-plugin: dry build/public/209.c68e37ef810d98656c5c.css.map
clean-webpack-plugin: dry build/public/209.c68e37ef810d98656c5c.js
clean-webpack-plugin: dry build/public/209.c68e37ef810d98656c5c.js.map
clean-webpack-plugin: dry build/public/209.d93bc9b3bf8b734f07ea.css
clean-webpack-plugin: dry build/public/209.d93bc9b3bf8b734f07ea.css.map
clean-webpack-plugin: dry build/public/209.d93bc9b3bf8b734f07ea.js
clean-webpack-plugin: dry build/public/209.d93bc9b3bf8b734f07ea.js.map
clean-webpack-plugin: dry build/public/209.e4e7fb3def3302ae89db.css
clean-webpack-plugin: dry build/public/209.e4e7fb3def3302ae89db.css.map
clean-webpack-plugin: dry build/public/209.e4e7fb3def3302ae89db.js
clean-webpack-plugin: dry build/public/209.e4e7fb3def3302ae89db.js.map
clean-webpack-plugin: dry build/public/209.e4fbbcfbe213c313ff76.css
clean-webpack-plugin: dry build/public/209.e4fbbcfbe213c313ff76.css.map
clean-webpack-plugin: dry build/public/209.e4fbbcfbe213c313ff76.js
clean-webpack-plugin: dry build/public/209.e4fbbcfbe213c313ff76.js.map
clean-webpack-plugin: dry build/public/209.ffc3702729171670d73a.js
clean-webpack-plugin: dry build/public/209.ffc3702729171670d73a.js.map
clean-webpack-plugin: dry build/public/360.0ee3608f9f4f08ac596d.js
clean-webpack-plugin: dry build/public/360.0ee3608f9f4f08ac596d.js.map
clean-webpack-plugin: dry build/public/360.2f527d2d9fee68b90485.js
clean-webpack-plugin: dry build/public/360.2f527d2d9fee68b90485.js.map
clean-webpack-plugin: dry build/public/360.7608cf502a2da0fefc9e.js
clean-webpack-plugin: dry build/public/360.7608cf502a2da0fefc9e.js.map
clean-webpack-plugin: dry build/public/360.865d4ea8596e0bc54ad0.js
clean-webpack-plugin: dry build/public/360.865d4ea8596e0bc54ad0.js.map
clean-webpack-plugin: dry build/public/360.d404d7de2cdffd1f8324.js
clean-webpack-plugin: dry build/public/360.d404d7de2cdffd1f8324.js.map
clean-webpack-plugin: dry build/public/360.e8aa3e72bcb2d9125dc6.js
clean-webpack-plugin: dry build/public/360.e8aa3e72bcb2d9125dc6.js.map
clean-webpack-plugin: dry build/public/426.b3de43a506dd8a89f743.css
clean-webpack-plugin: dry build/public/426.b3de43a506dd8a89f743.css.map
clean-webpack-plugin: dry build/public/426.b3de43a506dd8a89f743.js
clean-webpack-plugin: dry build/public/426.b3de43a506dd8a89f743.js.map
clean-webpack-plugin: dry build/public/765.df2181835951d2cee65e.css
clean-webpack-plugin: dry build/public/765.df2181835951d2cee65e.css.map
clean-webpack-plugin: dry build/public/765.df2181835951d2cee65e.js
clean-webpack-plugin: dry build/public/765.df2181835951d2cee65e.js.map
clean-webpack-plugin: dry build/public/769.e72c341e3182621e1d3c.js
clean-webpack-plugin: dry build/public/769.e72c341e3182621e1d3c.js.map
clean-webpack-plugin: dry build/public/769.f36c0ddbce0bc785c579.js
clean-webpack-plugin: dry build/public/769.f36c0ddbce0bc785c579.js.map
clean-webpack-plugin: dry build/public/945.5b496f9eadd8c4116510.js
clean-webpack-plugin: dry build/public/945.5b496f9eadd8c4116510.js.map
clean-webpack-plugin: dry build/public/945.62ac4daed83e81684d6b.css
clean-webpack-plugin: dry build/public/945.62ac4daed83e81684d6b.css.map
clean-webpack-plugin: dry build/public/945.62ac4daed83e81684d6b.js
clean-webpack-plugin: dry build/public/945.62ac4daed83e81684d6b.js.map
clean-webpack-plugin: dry build/public/945.7493cface3aa1ce434b3.css
clean-webpack-plugin: dry build/public/945.7493cface3aa1ce434b3.css.map
clean-webpack-plugin: dry build/public/945.7493cface3aa1ce434b3.js
clean-webpack-plugin: dry build/public/945.7493cface3aa1ce434b3.js.map
clean-webpack-plugin: dry build/public/945.b2dafe540bfc097578b6.css
clean-webpack-plugin: dry build/public/945.b2dafe540bfc097578b6.css.map
clean-webpack-plugin: dry build/public/945.b2dafe540bfc097578b6.js
clean-webpack-plugin: dry build/public/945.b2dafe540bfc097578b6.js.map
clean-webpack-plugin: dry build/public/945.b991c4b21516dae0e0fb.css
clean-webpack-plugin: dry build/public/945.b991c4b21516dae0e0fb.css.map
clean-webpack-plugin: dry build/public/945.b991c4b21516dae0e0fb.js
clean-webpack-plugin: dry build/public/945.b991c4b21516dae0e0fb.js.map
clean-webpack-plugin: dry build/public/945.c482bbfd6d6465a92f53.css
clean-webpack-plugin: dry build/public/945.c482bbfd6d6465a92f53.css.map
clean-webpack-plugin: dry build/public/945.c482bbfd6d6465a92f53.js
clean-webpack-plugin: dry build/public/945.c482bbfd6d6465a92f53.js.map
clean-webpack-plugin: dry build/public/945.cd773a8512f4c727f2ee.js
clean-webpack-plugin: dry build/public/945.cd773a8512f4c727f2ee.js.map
clean-webpack-plugin: dry build/public/945.ecd4ccd973dc7c9ba85c.css
clean-webpack-plugin: dry build/public/945.ecd4ccd973dc7c9ba85c.css.map
clean-webpack-plugin: dry build/public/945.ecd4ccd973dc7c9ba85c.js
clean-webpack-plugin: dry build/public/945.ecd4ccd973dc7c9ba85c.js.map
clean-webpack-plugin: dry build/public/999.46c4a0090bb255a046e2.js
clean-webpack-plugin: dry build/public/999.46c4a0090bb255a046e2.js.map
clean-webpack-plugin: dry build/public/999.550b20dbca9a6dd371ac.js
clean-webpack-plugin: dry build/public/999.550b20dbca9a6dd371ac.js.map
clean-webpack-plugin: dry build/public/demo.css
clean-webpack-plugin: dry build/public/demo.css.map
clean-webpack-plugin: dry build/public/demo.js
clean-webpack-plugin: dry build/public/demo.js.LICENSE.txt
clean-webpack-plugin: dry build/public/demo.js.map
clean-webpack-plugin: dry build/public/nsda-945.5b496f9eadd8c4116510.css
clean-webpack-plugin: dry build/public/nsda-945.5b496f9eadd8c4116510.css.map
clean-webpack-plugin: dry build/public/nsda-945.cd773a8512f4c727f2ee.css
clean-webpack-plugin: dry build/public/nsda-945.cd773a8512f4c727f2ee.css.map
clean-webpack-plugin: dry build/public/nsda-999.46c4a0090bb255a046e2.css
clean-webpack-plugin: dry build/public/nsda-999.46c4a0090bb255a046e2.css.map
clean-webpack-plugin: dry build/public/nsda-999.550b20dbca9a6dd371ac.css
clean-webpack-plugin: dry build/public/nsda-999.550b20dbca9a6dd371ac.css.map
clean-webpack-plugin: dry build/public/nsda-demo.css
clean-webpack-plugin: dry build/public/nsda-demo.css.map
clean-webpack-plugin: dry build/public/nsda-src_Inputs_NativeDatePicker_js.07644ba71ad8a82f65f7.css
clean-webpack-plugin: dry build/public/nsda-src_Inputs_NativeDatePicker_js.07644ba71ad8a82f65f7.css.map
clean-webpack-plugin: dry build/public/nsda-src_Inputs_NativeDatePicker_js.1581483b2c84aba086c6.css
clean-webpack-plugin: dry build/public/nsda-src_Inputs_NativeDatePicker_js.1581483b2c84aba086c6.css.map
clean-webpack-plugin: dry build/public/nsda-src_Inputs_NativeDatePicker_js.1597c0e1fd78e2c12984.css
clean-webpack-plugin: dry build/public/nsda-src_Inputs_NativeDatePicker_js.1597c0e1fd78e2c12984.css.map
clean-webpack-plugin: dry build/public/nsda-src_Inputs_NativeDatePicker_js.636c632913907b61f1c5.css
clean-webpack-plugin: dry build/public/nsda-src_Inputs_NativeDatePicker_js.636c632913907b61f1c5.css.map
clean-webpack-plugin: dry build/public/nsda-src_Inputs_NativeDatePicker_js.7f27ce654b40e348e838.css
clean-webpack-plugin: dry build/public/nsda-src_Inputs_NativeDatePicker_js.7f27ce654b40e348e838.css.map
clean-webpack-plugin: dry build/public/nsda-src_Inputs_NativeDatePicker_js.86112661535de914ff77.css
clean-webpack-plugin: dry build/public/nsda-src_Inputs_NativeDatePicker_js.86112661535de914ff77.css.map
clean-webpack-plugin: dry build/public/nsda-src_Inputs_NativeDatePicker_js.cfe858693e41d05d2374.css
clean-webpack-plugin: dry build/public/nsda-src_Inputs_NativeDatePicker_js.cfe858693e41d05d2374.css.map
clean-webpack-plugin: dry build/public/src_Inputs_NativeDatePicker_js.07644ba71ad8a82f65f7.js
clean-webpack-plugin: dry build/public/src_Inputs_NativeDatePicker_js.07644ba71ad8a82f65f7.js.map
clean-webpack-plugin: dry build/public/src_Inputs_NativeDatePicker_js.1581483b2c84aba086c6.js
clean-webpack-plugin: dry build/public/src_Inputs_NativeDatePicker_js.1581483b2c84aba086c6.js.map
clean-webpack-plugin: dry build/public/src_Inputs_NativeDatePicker_js.1597c0e1fd78e2c12984.js
clean-webpack-plugin: dry build/public/src_Inputs_NativeDatePicker_js.1597c0e1fd78e2c12984.js.map
clean-webpack-plugin: dry build/public/src_Inputs_NativeDatePicker_js.636c632913907b61f1c5.js
clean-webpack-plugin: dry build/public/src_Inputs_NativeDatePicker_js.636c632913907b61f1c5.js.map
clean-webpack-plugin: dry build/public/src_Inputs_NativeDatePicker_js.7f27ce654b40e348e838.js
clean-webpack-plugin: dry build/public/src_Inputs_NativeDatePicker_js.7f27ce654b40e348e838.js.map
clean-webpack-plugin: dry build/public/src_Inputs_NativeDatePicker_js.86112661535de914ff77.js
clean-webpack-plugin: dry build/public/src_Inputs_NativeDatePicker_js.86112661535de914ff77.js.map
clean-webpack-plugin: dry build/public/src_Inputs_NativeDatePicker_js.cfe858693e41d05d2374.css
clean-webpack-plugin: dry build/public/src_Inputs_NativeDatePicker_js.cfe858693e41d05d2374.css.map
clean-webpack-plugin: dry build/public/src_Inputs_NativeDatePicker_js.cfe858693e41d05d2374.js
clean-webpack-plugin: dry build/public/src_Inputs_NativeDatePicker_js.cfe858693e41d05d2374.js.map
clean-webpack-plugin: dry build/public/src_Main_js.52e04ff31844be7db3fc.js
clean-webpack-plugin: dry build/public/src_Main_js.52e04ff31844be7db3fc.js.map
clean-webpack-plugin: dry build/public/src_Main_js.98b04f87739779d55440.js
clean-webpack-plugin: dry build/public/src_Main_js.98b04f87739779d55440.js.map
clean-webpack-plugin: dry build/public/src_Main_js.f08753a4902ccc8db777.js
clean-webpack-plugin: dry build/public/src_Main_js.f08753a4902ccc8db777.js.map
clean-webpack-plugin: dry build/public/index.html
assets by status 5.46 KiB [cached] 2 assets
assets by status 156 KiB [compared for emit]
  asset demo.js 155 KiB [compared for emit] [minimized] (name: demo) 2 related assets
  asset ../demo.html 275 bytes [compared for emit]
runtime modules 6.73 KiB 13 modules
orphan modules 8.04 KiB [orphan] 5 modules
cacheable modules 236 KiB
  modules by path ./node_modules/ 223 KiB 14 modules
  modules by path ./src/ 13.3 KiB
    modules by path ./src/*.js 3.23 KiB 2 modules
    modules by path ./src/util/*.js 3.77 KiB 2 modules
    modules by path ./src/Inputs/*.js 6.3 KiB
      ./src/Inputs/NativeDatePickerContainer.js 3.22 KiB [built] [code generated]
      ./src/Inputs/NativeDatePicker.js 3.08 KiB [built] [code generated]
webpack 5.51.1 compiled successfully in 2641 ms
assets by status 5.46 KiB [cached] 2 assets
assets by status 156 KiB [emitted]
  asset demo.js 155 KiB [emitted] [minimized] (name: demo) 2 related assets
  asset ../demo.html 275 bytes [emitted]
runtime modules 6.73 KiB 13 modules
orphan modules 8.04 KiB [orphan] 5 modules
cacheable modules 236 KiB
  modules by path ./node_modules/ 223 KiB 14 modules
  modules by path ./src/ 13.3 KiB
    modules by path ./src/*.js 3.23 KiB 2 modules
    modules by path ./src/util/*.js 3.77 KiB 2 modules
    modules by path ./src/Inputs/*.js 6.3 KiB
      ./src/Inputs/NativeDatePickerContainer.js 3.22 KiB [built] [code generated]
      ./src/Inputs/NativeDatePicker.js 3.08 KiB [built] [code generated]
webpack 5.51.1 compiled successfully in 2242 ms
assets by status 5.46 KiB [cached] 2 assets
assets by status 156 KiB [emitted]
  asset demo.js 155 KiB [emitted] [minimized] (name: demo) 2 related assets
  asset ../demo.html 275 bytes [emitted]
runtime modules 6.73 KiB 13 modules
orphan modules 8.04 KiB [orphan] 5 modules
cacheable modules 236 KiB
  modules by path ./node_modules/ 223 KiB 14 modules
  modules by path ./src/ 13.3 KiB
    modules by path ./src/*.js 3.23 KiB 2 modules
    modules by path ./src/util/*.js 3.77 KiB 2 modules
    modules by path ./src/Inputs/*.js 6.3 KiB
      ./src/Inputs/NativeDatePickerContainer.js 3.22 KiB [built] [code generated]
      ./src/Inputs/NativeDatePicker.js 3.08 KiB [built] [code generated]
webpack 5.51.1 compiled successfully in 2276 ms
assets by status 5.46 KiB [cached] 2 assets
assets by status 156 KiB [emitted]
  asset demo.js 155 KiB [emitted] [minimized] (name: demo) 2 related assets
  asset ../demo.html 275 bytes [emitted]
runtime modules 6.73 KiB 13 modules
orphan modules 8.04 KiB [orphan] 5 modules
cacheable modules 236 KiB
  modules by path ./node_modules/ 223 KiB 14 modules
  modules by path ./src/ 13.3 KiB
    modules by path ./src/*.js 3.23 KiB 2 modules
    modules by path ./src/util/*.js 3.77 KiB 2 modules
    modules by path ./src/Inputs/*.js 6.3 KiB
      ./src/Inputs/NativeDatePickerContainer.js 3.22 KiB [built] [code generated]
      ./src/Inputs/NativeDatePicker.js 3.08 KiB [built] [code generated]
webpack 5.51.1 compiled successfully in 2266 ms
assets by status 5.46 KiB [cached] 2 assets
assets by status 156 KiB [emitted]
  asset demo.js 155 KiB [emitted] [minimized] (name: demo) 2 related assets
  asset ../demo.html 275 bytes [emitted]
runtime modules 6.73 KiB 13 modules
orphan modules 8.04 KiB [orphan] 5 modules
cacheable modules 236 KiB
  modules by path ./node_modules/ 223 KiB 14 modules
  modules by path ./src/ 13.3 KiB
    modules by path ./src/*.js 3.23 KiB 2 modules
    modules by path ./src/util/*.js 3.77 KiB 2 modules
    modules by path ./src/Inputs/*.js 6.3 KiB
      ./src/Inputs/NativeDatePickerContainer.js 3.22 KiB [built] [code generated]
      ./src/Inputs/NativeDatePicker.js 3.08 KiB [built] [code generated]
webpack 5.51.1 compiled successfully in 2189 ms
assets by status 5.46 KiB [cached] 2 assets
assets by status 156 KiB [emitted]
  asset demo.js 155 KiB [emitted] [minimized] (name: demo) 2 related assets
  asset ../demo.html 275 bytes [emitted]
runtime modules 6.73 KiB 13 modules
orphan modules 8.04 KiB [orphan] 5 modules
cacheable modules 236 KiB
  modules by path ./node_modules/ 223 KiB 14 modules
  modules by path ./src/ 13.3 KiB
    modules by path ./src/*.js 3.23 KiB 2 modules
    modules by path ./src/util/*.js 3.77 KiB 2 modules
    modules by path ./src/Inputs/*.js 6.3 KiB
      ./src/Inputs/NativeDatePickerContainer.js 3.22 KiB [built] [code generated]
      ./src/Inputs/NativeDatePicker.js 3.08 KiB [built] [code generated]
webpack 5.51.1 compiled successfully in 2228 ms
